$Id$
Revision: 35, Date: 2010-05-18 19:25:37 -0700 (Tue, 18 May 2010), Author: scott.herman@unconxio.us
- Moved from my local repository to google code:
    https://code.google.com/p/hl7-java-tools/source/browse/trunk/XMLUtilities

Revision: 36, Date: 2010-05-19 13:17:18 -0700 (Wed, 19 May 2010), Author: scott.herman@unconxio.us
- Added javadocs.

Revision: 37, Date: 2010-05-21 14:21:35 -0700 (Fri, 21 May 2010), Author: scott.herman@unconxio.us
- Added AttributeMap.entryCount().

Revision: 38, Date: 2010-05-27 17:26:43 -0700 (Thu, 27 May 2010), Author: scott.herman@unconxio.us
- XMLUtils.java : Added extractXML(), and firstTag().

Revision: 41, Date: 2010-05-27 19:23:40 -0700 (Thu, 27 May 2010), Author: scott.herman@unconxio.us
- Added javadocs for the last modifications.

Revision: 42, Date: 2010-06-15 12:28:11 -0700 (Tue, 15 Jun 2010), Author: scott.herman@unconxio.us
Modified XMLUtils.elementString() to check for for empty as well as null arguments.

$Revision$, $Date$, $Author$
- AttributeMap : Added getAttributes(), hasKey(), and remove().
- XMLUtils : Added equalsAny().

Revision: 44, Date: 2010-06-25 10:20:37 -0700 (Fri, 25 Jun 2010), Author: scott.herman@unconxio.us
- OOps! Made equalsAny() public.

Revision: 45, Date: 2010-07-02 14:57:21 -0700 (Fri, 02 Jul 2010), Author: scott.herman@unconxio.us
- XMLUtils.extractXML():Null pointer check.

Revision: 46, Date: 2010-07-02 15:49:36 -0700 (Fri, 02 Jul 2010), Author: scott.herman@unconxio.us
- XMLUtils.firstTag():Correction:closure detected on close wicket as well as whitespace.

Revision: 47, Date: 2010-07-05 11:09:28 -0700 (Mon, 05 Jul 2010), Author: scott.herman@unconxio.us
- XMLUtils.extractXML(): Correction. update offset in repeat iterations of terminal check.

Revision: 48, Date: 2010-07-06 13:43:48 -0700 (Tue, 06 Jul 2010), Author: scott.herman@unconxio.us
XMLUtils.forXML(): Added to escape HTML within XML.

Revision: 49, Date: 2010-07-07 10:02:13 -0700 (Wed, 07 Jul 2010), Author: scott.herman@unconxio.us
Replaced XMLUtils.forXML() with the entire EscapeChars class.

* Revision: 53, Date: 2010-08-04 08:06:16 -0700 (Wed, 04 Aug 2010), Author: scott.herman@unconxio.us
- AttributeMap: Made lowercasing of keys more consistent. Added null checks.
- XMLUtils.findChild(String name, Node node): Added this method to find child node by name.
- XMLUtils.readXML(URI uri): Added to read documents by URI.
- AttributeMap.getAttributes(Node node): Added to retrieve all attributes of a node.

* Revision: 54, Date: 2010-08-04 22:07:39 -0700 (Wed, 04 Aug 2010), Author: scott.herman@unconxio.us
- AttributeMap: Secure constructor for Node type argument.

* Revision: 55, Date: 2010-08-09 15:51:49 -0700 (Mon, 09 Aug 2010), Author: scott.herman@unconxio.us
- AttributeMap.isEmpty(), .isNotEmpty(): Added for convenience.
- XMLUtils.elementString(): modified to handle null attribute map.

* Revision: 60, Date: 2010-08-25 16:18:03 -0700 (Wed, 25 Aug 2010), Author: scott.herman@unconxio.us
- XMLUtils.extractXML():Corrected returned string length.

* $Revision$, $Date$, $Author$
- AttributeMap:Documentation.
- EscapeChars:Documentation and code optimization.
- XMLUtils.readXML(InputStream):Corrected exception handling.