package us.conxio.hl7.hl7message
$Id$
* Revision: 33, Date: 2010-05-18 16:19:52 -0700 (Tue, 18 May 2010), Author: scott.herman@unconxio.us
Verification test and release.

* Revision: 50, Date: 2010-07-16 09:47:35 -0700 (Fri, 16 Jul 2010), Author: scott.herman@unconxio.us
- HL7Component, HL7ElementLevel, HL7Field, HL7FieldRepetition, HL7Message, HL7Segment:
Corrected overridable method in constructor.
- HL7Field.hasRepetition(): Corrected bad logic.
- HL7FieldRepetition.addComponent(int): Added.
- HL7Segment.addField(int): Added.
- HL7Time: Made all methods and members static.

* Revision: 57, Date: 2010-08-19 15:59:35 -0700 (Thu, 19 Aug 2010), Author: scott.herman@unconxio.us
Updated documentation, licensing, and copyright on all classes.
- HL7Message.addSegment(), .addSegments(), .segMap(): Added.
- HL7Component.set():Modified to address security concerns.
- HL7Designator:General clean up of bad practices.

* Revision: 64, Date: 2010-09-23 15:32:18 -0700 (Thu, 23 Sep 2010), Author: scott.herman@unconxio.us
- HL7Message.pickSegment():Corrected to add missing segment when create option is specified.

* Revision: 68, Date: 2010-09-28 00:34:18 -0700 (Tue, 28 Sep 2010), Author: scott.herman@unconxio.us
- HL7Message.toString():Provided override for compatability with HL7-1.5.

* Revision: 69, Date: 2010-10-10 00:34:18 -0700 (Sun, 10 Oct 2010), Author: scott.herman@unconxio.us
- HL7Designator:Modified to use colon (':') instead of brackets to indicate segment index
and repetition index.
- HL7ElementLevel:Modified to implement Iterator.

* Revision: 72, Date: 2010-10-11 03:42:30 -0700 (Mon, 11 Oct 2010), Author: scott.herman@unconxio.us
- HL7Designator.getComponentIndex(), .getSubComponentIndex():Added to clarify bimodal indexing.
- HL7Designator.pick():Corrected HL7Designator translations.

* Revision: 81, Date: 2010-10-14 18:25:20 -0700 (Thu, 14 Oct 2010), Author: scott.herman@unconxio.us
Documentation and housekeeping.
- HL7Designator:Added documentation and some limited syntactical cleanup.
- HL7Element:removed getLevel() from the interface, as it's not used and is not needed.
Re-scoped the interface and all methods to package-private.
- HL7ElementLevel.newElementAt():Added to eliminate GenericHL7Element.
- HL7Encoding:Documentation, re-scoped to package-private wherever possible,
and limited syntactical cleanup.
- HL7Message:Refactored acknowledgement(), added lot's more documentation,
re-scoped to package-private wherever possible, and did some syntactical cleanup.
- HL7Segment:Documentation, re-scoping to package-private, wherever possible, and limited syntactical cleanup.
- HL7SegmentMap:Documentation, re-scoped to package-private, and limited syntactical cleanup.
- HL7SubComponent:Documentation, re-scoping to package-private, wherever possible, and limited syntactical cleanup.
- HL7SubComponent.toHL7String():Added escape() to escape any un-escaped encoders.
- HL7Time:Documentation.

* $Revision$, $Date$, $Author$
- HL7Encoding.getDefaultEncoding():Added to support HL7Properties.
