* $Id$
* Id: HL7MessageServiceRunner.java 14 2009-11-20 22:03:44Z scott
* Origination. Tested and verified.
*
* Id: HL7MessageServiceRunner.java 27 2009-11-30 05:32:18Z scott
* Added appropriate licensing and annotation.
*
* Id: HL7MessageServiceRunner.java 62 2009-12-23 15:05:41Z scott
* Reverted to revision 55.

* Revision: 85, Date: 2010-10-15 20:00:25 -0700 (Fri, 15 Oct 2010), Author: scott.herman@unconxio.us
Consolidated and retooled to use hl7-2.0.
Repackaged service class and runner in a single consolidated package.
- HL7MessageService:Adapted from HL7-1.6.
- Hl7MessageServiceRunner:Adapted.

* Revision: 93, Date: 2010-10-18 16:38:38 -0700 (Mon, 18 Oct 2010), Author: scott.herman@unconxio.us
- HL7MessageService:Minor debug corrections, to avoid null pointer exceptions, and added a file header.
- HL7MessageServiceRunner:Minor debug corrections, to avoid null pointer exceptions, and to exception handling.

* Revision: 99, Date: 2010-10-19 11:17:55 -0700 (Tue, 19 Oct 2010), Author: scott.herman@unconxio.us
- Renamed, to avoid collision, and corrected package declarations.

* $Revision$, $Date$, $Author$
- Added process registration for init.d support.